# JRE version: OpenJDK Runtime Environment (8.0_212-b04) (build 1.8.0_212-release-1586-b04)
# Java VM: OpenJDK 64-Bit Server VM (25.212-b04 mixed mode windows-amd64 compressed oops)
Heap:
 PSYoungGen      total 136704K, used 59766K [0x00000000e0000000, 0x00000000ebf80000, 0x0000000100000000)
  eden space 103424K, 25% used [0x00000000e0000000,0x00000000e19e3108,0x00000000e6500000)
  from space 33280K, 99% used [0x00000000e6500000,0x00000000e857a958,0x00000000e8580000)
  to   space 40448K, 0% used [0x00000000e9800000,0x00000000e9800000,0x00000000ebf80000)
 ParOldGen       total 158720K, used 69849K [0x00000000a0000000, 0x00000000a9b00000, 0x00000000e0000000)
  object space 158720K, 44% used [0x00000000a0000000,0x00000000a44364a0,0x00000000a9b00000)
 Metaspace       used 86210K, capacity 90816K, committed 90968K, reserved 1128448K
  class space    used 11642K, capacity 12531K, committed 12632K, reserved 1048576K
GC Heap History (10 events):
Event: 54.383 GC heap before
{Heap before GC invocations=22 (full 3):
 PSYoungGen      total 121856K, used 121350K [0x00000000e0000000, 0x00000000e9100000, 0x0000000100000000)
  eden space 102912K, 100% used [0x00000000e0000000,0x00000000e6480000,0x00000000e6480000)
  from space 18944K, 97% used [0x00000000e7900000,0x00000000e8b01af8,0x00000000e8b80000)
  to   space 20992K, 0% used [0x00000000e6480000,0x00000000e6480000,0x00000000e7900000)
 ParOldGen       total 158720K, used 32895K [0x00000000a0000000, 0x00000000a9b00000, 0x00000000e0000000)
  object space 158720K, 20% used [0x00000000a0000000,0x00000000a201ffd0,0x00000000a9b00000)
 Metaspace       used 69245K, capacity 71924K, committed 72152K, reserved 1112064K
  class space    used 9358K, capacity 9943K, committed 9944K, reserved 1048576K
Event: 54.402 GC heap after
Heap after GC invocations=22 (full 3):
 PSYoungGen      total 123904K, used 20979K [0x00000000e0000000, 0x00000000e9f00000, 0x0000000100000000)
  eden space 102912K, 0% used [0x00000000e0000000,0x00000000e0000000,0x00000000e6480000)
  from space 20992K, 99% used [0x00000000e6480000,0x00000000e78fcd88,0x00000000e7900000)
  to   space 26112K, 0% used [0x00000000e8580000,0x00000000e8580000,0x00000000e9f00000)
 ParOldGen       total 158720K, used 39572K [0x00000000a0000000, 0x00000000a9b00000, 0x00000000e0000000)
  object space 158720K, 24% used [0x00000000a0000000,0x00000000a26a5058,0x00000000a9b00000)
 Metaspace       used 69245K, capacity 71924K, committed 72152K, reserved 1112064K
  class space    used 9358K, capacity 9943K, committed 9944K, reserved 1048576K
}
Event: 57.774 GC heap before
{Heap before GC invocations=23 (full 3):
 PSYoungGen      total 123904K, used 123891K [0x00000000e0000000, 0x00000000e9f00000, 0x0000000100000000)
  eden space 102912K, 100% used [0x00000000e0000000,0x00000000e6480000,0x00000000e6480000)
  from space 20992K, 99% used [0x00000000e6480000,0x00000000e78fcd88,0x00000000e7900000)
  to   space 26112K, 0% used [0x00000000e8580000,0x00000000e8580000,0x00000000e9f00000)
 ParOldGen       total 158720K, used 39572K [0x00000000a0000000, 0x00000000a9b00000, 0x00000000e0000000)
  object space 158720K, 24% used [0x00000000a0000000,0x00000000a26a5058,0x00000000a9b00000)
 Metaspace       used 74434K, capacity 77154K, committed 77400K, reserved 1116160K
  class space    used 9977K, capacity 10554K, committed 10584K, reserved 1048576K
Event: 57.825 GC heap after
Heap after GC invocations=23 (full 3):
 PSYoungGen      total 129536K, used 26082K [0x00000000e0000000, 0x00000000eb100000, 0x0000000100000000)
  eden space 103424K, 0% used [0x00000000e0000000,0x00000000e0000000,0x00000000e6500000)
  from space 26112K, 99% used [0x00000000e8580000,0x00000000e9ef8b50,0x00000000e9f00000)
  to   space 33280K, 0% used [0x00000000e6500000,0x00000000e6500000,0x00000000e8580000)
 ParOldGen       total 158720K, used 48154K [0x00000000a0000000, 0x00000000a9b00000, 0x00000000e0000000)
  object space 158720K, 30% used [0x00000000a0000000,0x00000000a2f06958,0x00000000a9b00000)
 Metaspace       used 74434K, capacity 77154K, committed 77400K, reserved 1116160K
  class space    used 9977K, capacity 10554K, committed 10584K, reserved 1048576K
}
Event: 61.564 GC heap before
{Heap before GC invocations=24 (full 3):
 PSYoungGen      total 129536K, used 129506K [0x00000000e0000000, 0x00000000eb100000, 0x0000000100000000)
  eden space 103424K, 100% used [0x00000000e0000000,0x00000000e6500000,0x00000000e6500000)
  from space 26112K, 99% used [0x00000000e8580000,0x00000000e9ef8b50,0x00000000e9f00000)
  to   space 33280K, 0% used [0x00000000e6500000,0x00000000e6500000,0x00000000e8580000)
 ParOldGen       total 158720K, used 48154K [0x00000000a0000000, 0x00000000a9b00000, 0x00000000e0000000)
  object space 158720K, 30% used [0x00000000a0000000,0x00000000a2f06958,0x00000000a9b00000)
 Metaspace       used 77609K, capacity 80630K, committed 80856K, reserved 1120256K
  class space    used 10356K, capacity 10962K, committed 10968K, reserved 1048576K
Event: 61.586 GC heap after
Heap after GC invocations=24 (full 3):
 PSYoungGen      total 136704K, used 33276K [0x00000000e0000000, 0x00000000ebf80000, 0x0000000100000000)
  eden space 103424K, 0% used [0x00000000e0000000,0x00000000e0000000,0x00000000e6500000)
  from space 33280K, 99% used [0x00000000e6500000,0x00000000e857f130,0x00000000e8580000)
  to   space 40448K, 0% used [0x00000000e9800000,0x00000000e9800000,0x00000000ebf80000)
 ParOldGen       total 158720K, used 53750K [0x00000000a0000000, 0x00000000a9b00000, 0x00000000e0000000)
  object space 158720K, 33% used [0x00000000a0000000,0x00000000a347dbc8,0x00000000a9b00000)
 Metaspace       used 77609K, capacity 80630K, committed 80856K, reserved 1120256K
  class space    used 10356K, capacity 10962K, committed 10968K, reserved 1048576K
}
Event: 64.710 GC heap before
{Heap before GC invocations=25 (full 3):
 PSYoungGen      total 136704K, used 136700K [0x00000000e0000000, 0x00000000ebf80000, 0x0000000100000000)
  eden space 103424K, 100% used [0x00000000e0000000,0x00000000e6500000,0x00000000e6500000)
  from space 33280K, 99% used [0x00000000e6500000,0x00000000e857f130,0x00000000e8580000)
  to   space 40448K, 0% used [0x00000000e9800000,0x00000000e9800000,0x00000000ebf80000)
 ParOldGen       total 158720K, used 53750K [0x00000000a0000000, 0x00000000a9b00000, 0x00000000e0000000)
  object space 158720K, 33% used [0x00000000a0000000,0x00000000a347dbc8,0x00000000a9b00000)
 Metaspace       used 82941K, capacity 86920K, committed 87128K, reserved 1124352K
  class space    used 11233K, capacity 12031K, committed 12120K, reserved 1048576K
Event: 64.747 GC heap after
Heap after GC invocations=25 (full 3):
 PSYoungGen      total 143872K, used 40443K [0x00000000e0000000, 0x00000000ebf80000, 0x0000000100000000)
  eden space 103424K, 0% used [0x00000000e0000000,0x00000000e0000000,0x00000000e6500000)
  from space 40448K, 99% used [0x00000000e9800000,0x00000000ebf7efe8,0x00000000ebf80000)
  to   space 33280K, 0% used [0x00000000e6500000,0x00000000e6500000,0x00000000e8580000)
 ParOldGen       total 158720K, used 63012K [0x00000000a0000000, 0x00000000a9b00000, 0x00000000e0000000)
  object space 158720K, 39% used [0x00000000a0000000,0x00000000a3d891a0,0x00000000a9b00000)
 Metaspace       used 82941K, capacity 86920K, committed 87128K, reserved 1124352K
  class space    used 11233K, capacity 12031K, committed 12120K, reserved 1048576K
}
Event: 66.088 GC heap before
{Heap before GC invocations=26 (full 3):
 PSYoungGen      total 143872K, used 143867K [0x00000000e0000000, 0x00000000ebf80000, 0x0000000100000000)
  eden space 103424K, 100% used [0x00000000e0000000,0x00000000e6500000,0x00000000e6500000)
  from space 40448K, 99% used [0x00000000e9800000,0x00000000ebf7efe8,0x00000000ebf80000)
  to   space 33280K, 0% used [0x00000000e6500000,0x00000000e6500000,0x00000000e8580000)
 ParOldGen       total 158720K, used 63012K [0x00000000a0000000, 0x00000000a9b00000, 0x00000000e0000000)
  object space 158720K, 39% used [0x00000000a0000000,0x00000000a3d891a0,0x00000000a9b00000)
 Metaspace       used 86015K, capacity 90570K, committed 90840K, reserved 1128448K
  class space    used 11627K, capacity 12496K, committed 12504K, reserved 1048576K
Event: 66.127 GC heap after
Heap after GC invocations=26 (full 3):
 PSYoungGen      total 136704K, used 33258K [0x00000000e0000000, 0x00000000ebf80000, 0x0000000100000000)
  eden space 103424K, 0% used [0x00000000e0000000,0x00000000e0000000,0x00000000e6500000)
  from space 33280K, 99% used [0x00000000e6500000,0x00000000e857a958,0x00000000e8580000)
  to   space 40448K, 0% used [0x00000000e9800000,0x00000000e9800000,0x00000000ebf80000)
 ParOldGen       total 158720K, used 69849K [0x00000000a0000000, 0x00000000a9b00000, 0x00000000e0000000)
  object space 158720K, 44% used [0x00000000a0000000,0x00000000a44364a0,0x00000000a9b00000)
 Metaspace       used 86015K, capacity 90570K, committed 90840K, reserved 1128448K
  class space    used 11627K, capacity 12496K, committed 12504K, reserved 1048576K
}

